<?xml version="1.0" encoding="UTF-8"?>
<!-- Generated by org.testng.reporters.JUnitReportReporter -->
<testsuite hostname="DESKTOP-P8351SK" failures="0" tests="1" name="com.WiproScreenShots.ScreenshotDemo" time="6.964" errors="0" timestamp="2023-05-22T11:20:21 IST" skipped="0">
  <testcase classname="com.WiproScreenShots.ScreenshotDemo" name="testScreenshot" time="6.964"/>
  <system-out/>
</testsuite> <!-- com.WiproScreenShots.ScreenshotDemo -->
